<?xml version="1.0" encoding="utf-8"?><testsuites name="pytest tests"><testsuite name="pytest" errors="0" failures="0" skipped="0" tests="27" time="1.692" timestamp="2026-02-05T21:38:02.168891+00:00" hostname="agent-env-c28c853f-4e11-4bf9-9325-3ca117052cdc"><testcase classname="backend.tests.test_badges_rewards_crud.TestBadgesDefinitions" name="test_get_badges_definitions_success" time="0.351" /><testcase classname="backend.tests.test_badges_rewards_crud.TestBadgesDefinitions" name="test_get_badges_definitions_unauthorized" time="0.042" /><testcase classname="backend.tests.test_badges_rewards_crud.TestBadgeCreate" name="test_create_badge_success" time="0.028" /><testcase classname="backend.tests.test_badges_rewards_crud.TestBadgeCreate" name="test_create_badge_missing_required_fields" time="0.013" /><testcase classname="backend.tests.test_badges_rewards_crud.TestBadgeCreate" name="test_create_badge_all_tiers" time="0.094" /><testcase classname="backend.tests.test_badges_rewards_crud.TestBadgeUpdate" name="test_update_badge_success" time="0.081" /><testcase classname="backend.tests.test_badges_rewards_crud.TestBadgeUpdate" name="test_update_nonexistent_badge" time="0.012" /><testcase classname="backend.tests.test_badges_rewards_crud.TestBadgeDelete" name="test_delete_badge_success" time="0.035" /><testcase classname="backend.tests.test_badges_rewards_crud.TestBadgeDelete" name="test_delete_nonexistent_badge" time="0.053" /><testcase classname="backend.tests.test_badges_rewards_crud.TestRewardsGet" name="test_get_rewards_success" time="0.012" /><testcase classname="backend.tests.test_badges_rewards_crud.TestRewardsGet" name="test_get_rewards_active_only" time="0.011" /><testcase classname="backend.tests.test_badges_rewards_crud.TestRewardsGet" name="test_get_rewards_unauthorized" time="0.042" /><testcase classname="backend.tests.test_badges_rewards_crud.TestRewardCreate" name="test_create_reward_success" time="0.024" /><testcase classname="backend.tests.test_badges_rewards_crud.TestRewardCreate" name="test_create_reward_all_types" time="0.129" /><testcase classname="backend.tests.test_badges_rewards_crud.TestRewardCreate" name="test_create_reward_with_stock" time="0.068" /><testcase classname="backend.tests.test_badges_rewards_crud.TestRewardUpdate" name="test_update_reward_success" time="0.043" /><testcase classname="backend.tests.test_badges_rewards_crud.TestRewardUpdate" name="test_update_nonexistent_reward" time="0.053" /><testcase classname="backend.tests.test_badges_rewards_crud.TestRewardDelete" name="test_delete_reward_success" time="0.077" /><testcase classname="backend.tests.test_badges_rewards_crud.TestRewardDelete" name="test_delete_nonexistent_reward" time="0.011" /><testcase classname="backend.tests.test_badges_rewards_crud.TestTabEndpoints" name="test_competitions_tab_endpoint" time="0.024" /><testcase classname="backend.tests.test_badges_rewards_crud.TestTabEndpoints" name="test_templates_tab_endpoint" time="0.015" /><testcase classname="backend.tests.test_badges_rewards_crud.TestTabEndpoints" name="test_seasons_tab_endpoint" time="0.013" /><testcase classname="backend.tests.test_badges_rewards_crud.TestTabEndpoints" name="test_badges_tab_endpoint" time="0.012" /><testcase classname="backend.tests.test_badges_rewards_crud.TestTabEndpoints" name="test_rewards_tab_endpoint" time="0.011" /><testcase classname="backend.tests.test_badges_rewards_crud.TestTabEndpoints" name="test_metrics_tab_endpoint" time="0.012" /><testcase classname="backend.tests.test_badges_rewards_crud.TestCleanup" name="test_cleanup_test_badges" time="0.122" /><testcase classname="backend.tests.test_badges_rewards_crud.TestCleanup" name="test_cleanup_test_rewards" time="0.215" /></testsuite></testsuites>