<?xml version="1.0" encoding="utf-8"?><testsuites name="pytest tests"><testsuite name="pytest" errors="0" failures="0" skipped="0" tests="9" time="2.778" timestamp="2026-02-04T10:16:01.473766+00:00" hostname="agent-env-bdb7c541-8ff3-44c1-9051-ac8c8347ffc1"><testcase classname="backend.tests.test_cqil.TestCQILEndpoints" name="test_cqil_health_endpoint" time="0.315" /><testcase classname="backend.tests.test_cqil.TestCQILEndpoints" name="test_cqil_metrics_endpoint" time="0.308" /><testcase classname="backend.tests.test_cqil.TestCQILEndpoints" name="test_cqil_issues_endpoint" time="0.291" /><testcase classname="backend.tests.test_cqil.TestCQILEndpoints" name="test_cqil_break_reports_endpoint" time="0.295" /><testcase classname="backend.tests.test_cqil.TestCQILEndpoints" name="test_cqil_routes_audit_endpoint" time="0.301" /><testcase classname="backend.tests.test_cqil.TestCQILHealthComponents" name="test_database_component_operational" time="0.291" /><testcase classname="backend.tests.test_cqil.TestCQILHealthComponents" name="test_api_routes_component_operational" time="0.332" /><testcase classname="backend.tests.test_cqil.TestCQILHealthComponents" name="test_permissions_component_operational" time="0.294" /><testcase classname="backend.tests.test_cqil.TestCQILReleaseGate" name="test_release_gate_status" time="0.300" /></testsuite></testsuites>