<?xml version="1.0" encoding="utf-8"?><testsuites name="pytest tests"><testsuite name="pytest" errors="0" failures="0" skipped="0" tests="12" time="19.604" timestamp="2026-02-06T00:34:18.096002+00:00" hostname="agent-env-448c4498-8890-48b9-949a-e1aa92c2853e"><testcase classname="backend.tests.test_eve_claims_integration.TestEveClaimsIntegration" name="test_get_claims_for_context_returns_list" time="0.369" /><testcase classname="backend.tests.test_eve_claims_integration.TestEveClaimsIntegration" name="test_get_claims_for_context_with_search" time="0.283" /><testcase classname="backend.tests.test_eve_claims_integration.TestEveClaimsIntegration" name="test_get_claim_context_by_id" time="0.294" /><testcase classname="backend.tests.test_eve_claims_integration.TestEveClaimsIntegration" name="test_get_claim_context_by_claim_number" time="0.330" /><testcase classname="backend.tests.test_eve_claims_integration.TestEveClaimsIntegration" name="test_get_claim_context_not_found" time="0.274" /><testcase classname="backend.tests.test_eve_claims_integration.TestEveClaimsIntegration" name="test_chat_auto_detects_claim_reference_hashtag" time="3.995" /><testcase classname="backend.tests.test_eve_claims_integration.TestEveClaimsIntegration" name="test_chat_with_direct_claim_id" time="9.260" /><testcase classname="backend.tests.test_eve_claims_integration.TestEveClaimsIntegration" name="test_chat_without_claim_reference" time="1.707" /><testcase classname="backend.tests.test_eve_claims_integration.TestEveClaimsIntegration" name="test_chat_claim_context_includes_all_fields" time="2.122" /><testcase classname="backend.tests.test_eve_claims_integration.TestEveClaimsIntegration" name="test_claims_for_context_requires_auth" time="0.308" /><testcase classname="backend.tests.test_eve_claims_integration.TestEveClaimsIntegration" name="test_claim_context_requires_auth" time="0.295" /><testcase classname="backend.tests.test_eve_claims_integration.TestEveClaimsIntegration" name="test_chat_requires_auth" time="0.298" /></testsuite></testsuites>