<?xml version="1.0" encoding="utf-8"?><testsuites name="pytest tests"><testsuite name="pytest" errors="0" failures="1" skipped="0" tests="13" time="4.069" timestamp="2026-02-07T01:50:35.499720+00:00" hostname="agent-env-41ddacdd-2ed4-4209-b06f-8f9f8df3700e"><testcase classname="backend.tests.test_functional_flows.TestAuthFlow" name="test_login_success" time="0.327" /><testcase classname="backend.tests.test_functional_flows.TestAuthFlow" name="test_login_invalid_credentials" time="0.038" /><testcase classname="backend.tests.test_functional_flows.TestClaimsAPI" name="test_get_claims_list" time="0.311" /><testcase classname="backend.tests.test_functional_flows.TestClaimsAPI" name="test_create_claim" time="0.318" /><testcase classname="backend.tests.test_functional_flows.TestClaimsAPI" name="test_create_claim_minimal_fields" time="0.313" /><testcase classname="backend.tests.test_functional_flows.TestClaimsAPI" name="test_get_claim_detail" time="0.372" /><testcase classname="backend.tests.test_functional_flows.TestClaimsAPI" name="test_update_claim" time="0.366"><failure message="AssertionError: Update claim failed: {&quot;detail&quot;:&quot;cannot import name 'notify_status_change' from 'routes.notifications' (/app/backend/routes/notifications.py)&quot;}&#10;assert 520 == 200&#10; +  where 520 = &lt;Response [520]&gt;.status_code">backend/tests/test_functional_flows.py:186: in test_update_claim
    assert update_response.status_code == 200, f"Update claim failed: {update_response.text}"
E   AssertionError: Update claim failed: {"detail":"cannot import name 'notify_status_change' from 'routes.notifications' (/app/backend/routes/notifications.py)"}
E   assert 520 == 200
E    +  where 520 = &lt;Response [520]&gt;.status_code</failure></testcase><testcase classname="backend.tests.test_functional_flows.TestDashboardAPI" name="test_claims_data_for_dashboard" time="0.333" /><testcase classname="backend.tests.test_functional_flows.TestBattlePassAPI" name="test_get_battle_pass_progress" time="0.327" /><testcase classname="backend.tests.test_functional_flows.TestContractsAPI" name="test_get_contracts_list" time="0.309" /><testcase classname="backend.tests.test_functional_flows.TestContractsAPI" name="test_get_contract_templates" time="0.348" /><testcase classname="backend.tests.test_functional_flows.TestHarvestAPI" name="test_get_canvassing_pins" time="0.305" /><testcase classname="backend.tests.test_functional_flows.TestHarvestAPI" name="test_get_harvest_leaderboard" time="0.295" /></testsuite></testsuites>