<?xml version="1.0" encoding="utf-8"?><testsuites name="pytest tests"><testsuite name="pytest" errors="0" failures="0" skipped="0" tests="17" time="1.128" timestamp="2026-02-04T13:47:27.572881+00:00" hostname="agent-env-7a09e1d1-d62b-476d-982d-433602f2e4bc"><testcase classname="tests.test_harvest_scoring.TestLeaderboardAPI" name="test_leaderboard_day_period" time="0.373" /><testcase classname="tests.test_harvest_scoring.TestLeaderboardAPI" name="test_leaderboard_week_period" time="0.014" /><testcase classname="tests.test_harvest_scoring.TestLeaderboardAPI" name="test_leaderboard_month_period" time="0.011" /><testcase classname="tests.test_harvest_scoring.TestLeaderboardAPI" name="test_leaderboard_all_time_period" time="0.014" /><testcase classname="tests.test_harvest_scoring.TestLeaderboardAPI" name="test_leaderboard_entry_structure" time="0.014" /><testcase classname="tests.test_harvest_scoring.TestMyStatsAPI" name="test_get_my_stats" time="0.018" /><testcase classname="tests.test_harvest_scoring.TestMyStatsAPI" name="test_stats_data_types" time="0.054" /><testcase classname="tests.test_harvest_scoring.TestBadgesAPI" name="test_get_all_badges" time="0.014" /><testcase classname="tests.test_harvest_scoring.TestBadgesAPI" name="test_badges_count_is_10" time="0.011" /><testcase classname="tests.test_harvest_scoring.TestBadgesAPI" name="test_badge_structure" time="0.011" /><testcase classname="tests.test_harvest_scoring.TestBadgesAPI" name="test_badge_rarities" time="0.010" /><testcase classname="tests.test_harvest_scoring.TestDispositionPointsAwarding" name="test_create_pin_and_update_not_home" time="0.115" /><testcase classname="tests.test_harvest_scoring.TestDispositionPointsAwarding" name="test_callback_disposition_awards_5_points" time="0.118" /><testcase classname="tests.test_harvest_scoring.TestDispositionPointsAwarding" name="test_appointment_disposition_awards_10_points" time="0.107" /><testcase classname="tests.test_harvest_scoring.TestDispositionPointsAwarding" name="test_signed_disposition_awards_50_points" time="0.068" /><testcase classname="tests.test_harvest_scoring.TestDispositionPointsAwarding" name="test_not_interested_disposition_awards_3_points" time="0.027" /><testcase classname="tests.test_harvest_scoring.TestLeaderboardMyRank" name="test_get_my_rank" time="0.011" /></testsuite></testsuites>