<?xml version="1.0" encoding="utf-8"?><testsuites name="pytest tests"><testsuite name="pytest" errors="0" failures="0" skipped="0" tests="31" time="9.488" timestamp="2026-02-05T18:35:13.818678+00:00" hostname="agent-env-24cd5aa2-3d7b-4504-924a-d9b9271a9ec1"><testcase classname="backend.tests.test_harvest_gamification.TestHarvestGamificationAPIs" name="test_get_streak_returns_200" time="0.373" /><testcase classname="backend.tests.test_harvest_gamification.TestHarvestGamificationAPIs" name="test_get_streak_has_required_fields" time="0.281" /><testcase classname="backend.tests.test_harvest_gamification.TestHarvestGamificationAPIs" name="test_streak_multiplier_is_valid" time="0.279" /><testcase classname="backend.tests.test_harvest_gamification.TestHarvestGamificationAPIs" name="test_streak_current_value" time="0.278" /><testcase classname="backend.tests.test_harvest_gamification.TestHarvestGamificationAPIs" name="test_streak_doors_today" time="0.287" /><testcase classname="backend.tests.test_harvest_gamification.TestHarvestGamificationAPIs" name="test_get_challenges_returns_200" time="0.274" /><testcase classname="backend.tests.test_harvest_gamification.TestHarvestGamificationAPIs" name="test_get_challenges_has_challenges_array" time="0.314" /><testcase classname="backend.tests.test_harvest_gamification.TestHarvestGamificationAPIs" name="test_challenges_include_completed_param" time="0.269" /><testcase classname="backend.tests.test_harvest_gamification.TestHarvestGamificationAPIs" name="test_get_badges_tiers_returns_200" time="0.269" /><testcase classname="backend.tests.test_harvest_gamification.TestHarvestGamificationAPIs" name="test_badges_tiers_has_required_structure" time="0.278" /><testcase classname="backend.tests.test_harvest_gamification.TestHarvestGamificationAPIs" name="test_badges_tiers_has_all_tiers" time="0.271" /><testcase classname="backend.tests.test_harvest_gamification.TestHarvestGamificationAPIs" name="test_badges_earned_count_matches" time="0.278" /><testcase classname="backend.tests.test_harvest_gamification.TestHarvestGamificationAPIs" name="test_badges_total_count_matches" time="0.274" /><testcase classname="backend.tests.test_harvest_gamification.TestHarvestGamificationAPIs" name="test_badge_has_required_fields" time="0.269" /><testcase classname="backend.tests.test_harvest_gamification.TestHarvestGamificationAPIs" name="test_get_rewards_progress_returns_200" time="0.274" /><testcase classname="backend.tests.test_harvest_gamification.TestHarvestGamificationAPIs" name="test_rewards_progress_has_required_fields" time="0.268" /><testcase classname="backend.tests.test_harvest_gamification.TestHarvestGamificationAPIs" name="test_rewards_progress_item_structure" time="0.312" /><testcase classname="backend.tests.test_harvest_gamification.TestHarvestGamificationAPIs" name="test_rewards_progress_next_reward" time="0.272" /><testcase classname="backend.tests.test_harvest_gamification.TestHarvestGamificationAPIs" name="test_rewards_progress_percent_calculation" time="0.334" /><testcase classname="backend.tests.test_harvest_gamification.TestHarvestGamificationAPIs" name="test_get_canvassing_stats_returns_200" time="0.273" /><testcase classname="backend.tests.test_harvest_gamification.TestHarvestGamificationAPIs" name="test_canvassing_stats_has_required_fields" time="0.264" /><testcase classname="backend.tests.test_harvest_gamification.TestHarvestGamificationAPIs" name="test_canvassing_stats_values_are_valid" time="0.282" /><testcase classname="backend.tests.test_harvest_gamification.TestHarvestGamificationAPIs" name="test_get_campaigns_returns_200" time="0.321" /><testcase classname="backend.tests.test_harvest_gamification.TestHarvestGamificationAPIs" name="test_campaigns_has_campaigns_array" time="0.272" /><testcase classname="backend.tests.test_harvest_gamification.TestHarvestGamificationAPIs" name="test_streak_requires_auth" time="0.295" /><testcase classname="backend.tests.test_harvest_gamification.TestHarvestGamificationAPIs" name="test_challenges_requires_auth" time="0.337" /><testcase classname="backend.tests.test_harvest_gamification.TestHarvestGamificationAPIs" name="test_badges_tiers_requires_auth" time="0.292" /><testcase classname="backend.tests.test_harvest_gamification.TestHarvestGamificationAPIs" name="test_rewards_progress_requires_auth" time="0.340" /><testcase classname="backend.tests.test_harvest_gamification.TestHarvestGamificationDataIntegrity" name="test_points_consistent_across_endpoints" time="0.318" /><testcase classname="backend.tests.test_harvest_gamification.TestHarvestGamificationDataIntegrity" name="test_streak_consistent_across_endpoints" time="0.624" /><testcase classname="backend.tests.test_harvest_gamification.TestHarvestGamificationDataIntegrity" name="test_doors_today_consistent" time="0.324" /></testsuite></testsuites>