<?xml version="1.0" encoding="utf-8"?><testsuites name="pytest tests"><testsuite name="pytest" errors="0" failures="0" skipped="0" tests="20" time="2.886" timestamp="2026-02-05T20:29:17.719743+00:00" hostname="agent-env-09f21500-334a-4ca8-8a7b-8b00cef4f34b"><testcase classname="backend.tests.test_incentives_phase2.TestIncentivesPhase2Auth" name="test_leaderboard_requires_auth" time="0.095" /><testcase classname="backend.tests.test_incentives_phase2.TestIncentivesPhase2Auth" name="test_harvest_events_requires_auth" time="0.047" /><testcase classname="backend.tests.test_incentives_phase2.TestIncentivesPhase2Auth" name="test_dashboard_requires_auth" time="0.046" /><testcase classname="backend.tests.test_incentives_phase2.TestIncentivesPhase2Auth" name="test_results_requires_auth" time="0.042" /><testcase classname="backend.tests.test_incentives_phase2.TestIncentivesDashboard" name="test_dashboard_returns_active_competitions" time="0.339" /><testcase classname="backend.tests.test_incentives_phase2.TestIncentivesDashboard" name="test_dashboard_competitions_have_progress" time="0.091" /><testcase classname="backend.tests.test_incentives_phase2.TestIncentivesDashboard" name="test_dashboard_has_total_points" time="0.044" /><testcase classname="backend.tests.test_incentives_phase2.TestIncentivesLeaderboard" name="test_leaderboard_returns_ranked_participants" time="0.351" /><testcase classname="backend.tests.test_incentives_phase2.TestIncentivesLeaderboard" name="test_leaderboard_participants_have_ranks" time="0.043" /><testcase classname="backend.tests.test_incentives_phase2.TestIncentivesLeaderboard" name="test_leaderboard_shows_gap_to_qualify" time="0.041" /><testcase classname="backend.tests.test_incentives_phase2.TestIncentivesLeaderboard" name="test_leaderboard_competition_info" time="0.050" /><testcase classname="backend.tests.test_incentives_phase2.TestIncentivesLeaderboard" name="test_leaderboard_not_found" time="0.043" /><testcase classname="backend.tests.test_incentives_phase2.TestIncentivesHarvestEvents" name="test_harvest_event_records_door_knock" time="0.483" /><testcase classname="backend.tests.test_incentives_phase2.TestIncentivesHarvestEvents" name="test_harvest_event_affects_competitions" time="0.044" /><testcase classname="backend.tests.test_incentives_phase2.TestIncentivesHarvestEvents" name="test_harvest_event_contact_status" time="0.045" /><testcase classname="backend.tests.test_incentives_phase2.TestIncentivesHarvestEvents" name="test_harvest_event_appointment_status" time="0.050" /><testcase classname="backend.tests.test_incentives_phase2.TestIncentivesResults" name="test_results_not_available_for_active_competition" time="0.383" /><testcase classname="backend.tests.test_incentives_phase2.TestIncentivesResults" name="test_results_not_found" time="0.081" /><testcase classname="backend.tests.test_incentives_phase2.TestIncentivesMetricEventTracking" name="test_activity_count_increments" time="0.428" /><testcase classname="backend.tests.test_incentives_phase2.TestIncentivesMetricEventTracking" name="test_peak_value_tracks_highest" time="0.041" /></testsuite></testsuites>