<?xml version="1.0" encoding="utf-8"?><testsuites name="pytest tests"><testsuite name="pytest" errors="0" failures="0" skipped="0" tests="13" time="4.138" timestamp="2026-02-06T02:26:50.447395+00:00" hostname="agent-env-febfd141-52b7-4c85-981e-7c58d8cbb42b"><testcase classname="tests.test_inspections_new.TestInspectionsNewBackend" name="test_claims_list_endpoint" time="0.385" /><testcase classname="tests.test_inspections_new.TestInspectionsNewBackend" name="test_inspection_sessions_endpoint" time="0.276" /><testcase classname="tests.test_inspections_new.TestInspectionsNewBackend" name="test_inspection_sessions_with_claim_filter" time="0.318" /><testcase classname="tests.test_inspections_new.TestInspectionsNewBackend" name="test_create_inspection_session" time="0.307" /><testcase classname="tests.test_inspections_new.TestInspectionsNewBackend" name="test_get_inspection_session_details" time="0.363" /><testcase classname="tests.test_inspections_new.TestInspectionsNewBackend" name="test_complete_inspection_session" time="0.322" /><testcase classname="tests.test_inspections_new.TestInspectionsNewBackend" name="test_inspection_presets_rooms" time="0.270" /><testcase classname="tests.test_inspections_new.TestInspectionsNewBackend" name="test_inspection_presets_categories" time="0.317" /><testcase classname="tests.test_inspections_new.TestInspectionsNewBackend" name="test_inspection_stats" time="0.329" /><testcase classname="tests.test_inspections_new.TestInspectionsNewBackend" name="test_session_not_found" time="0.314" /><testcase classname="tests.test_inspections_new.TestInspectionsNewBackend" name="test_create_session_without_claim" time="0.273" /><testcase classname="tests.test_inspections_new.TestClaimsSearchFunctionality" name="test_claims_have_required_fields" time="0.294" /><testcase classname="tests.test_inspections_new.TestClaimsSearchFunctionality" name="test_claims_list_returns_multiple" time="0.297" /></testsuite></testsuites>