<?xml version="1.0" encoding="utf-8"?><testsuites name="pytest tests"><testsuite name="pytest" errors="0" failures="0" skipped="0" tests="21" time="3.286" timestamp="2026-02-05T16:35:20.972962+00:00" hostname="agent-env-16784857-e3ef-425c-8a6a-3051bc321532"><testcase classname="backend.tests.test_public_status_portal.TestPublicStatusPortal" name="test_public_status_endpoint_returns_200" time="0.086" /><testcase classname="backend.tests.test_public_status_portal.TestPublicStatusPortal" name="test_public_status_returns_claim_number" time="0.079" /><testcase classname="backend.tests.test_public_status_portal.TestPublicStatusPortal" name="test_public_status_returns_masked_client_name" time="0.043" /><testcase classname="backend.tests.test_public_status_portal.TestPublicStatusPortal" name="test_public_status_returns_masked_address" time="0.043" /><testcase classname="backend.tests.test_public_status_portal.TestPublicStatusPortal" name="test_public_status_returns_stage" time="0.078" /><testcase classname="backend.tests.test_public_status_portal.TestPublicStatusPortal" name="test_public_status_returns_claim_type" time="0.043" /><testcase classname="backend.tests.test_public_status_portal.TestPublicStatusPortal" name="test_public_status_returns_last_update" time="0.045" /><testcase classname="backend.tests.test_public_status_portal.TestPublicStatusPortal" name="test_public_status_returns_next_actions" time="0.041" /><testcase classname="backend.tests.test_public_status_portal.TestPublicStatusPortal" name="test_public_status_404_for_invalid_claim" time="0.038" /><testcase classname="backend.tests.test_public_status_portal.TestPublicStatusPortal" name="test_public_status_does_not_expose_sensitive_data" time="0.078" /><testcase classname="backend.tests.test_public_status_portal.TestSMSConfiguration" name="test_sms_status_requires_auth" time="0.335" /><testcase classname="backend.tests.test_public_status_portal.TestSMSConfiguration" name="test_sms_status_returns_200_with_auth" time="0.307" /><testcase classname="backend.tests.test_public_status_portal.TestSMSConfiguration" name="test_sms_configured_true" time="0.338" /><testcase classname="backend.tests.test_public_status_portal.TestSMSConfiguration" name="test_sms_dry_run_mode_false" time="0.305" /><testcase classname="backend.tests.test_public_status_portal.TestSMSConfiguration" name="test_sms_has_account_sid" time="0.335" /><testcase classname="backend.tests.test_public_status_portal.TestSMSConfiguration" name="test_sms_has_auth_token" time="0.300" /><testcase classname="backend.tests.test_public_status_portal.TestSMSConfiguration" name="test_sms_has_from_number" time="0.299" /><testcase classname="backend.tests.test_public_status_portal.TestSMSConfiguration" name="test_sms_sender_number" time="0.297" /><testcase classname="backend.tests.test_public_status_portal.TestClaimStagesEndpoint" name="test_stages_endpoint_returns_200" time="0.037" /><testcase classname="backend.tests.test_public_status_portal.TestClaimStagesEndpoint" name="test_stages_returns_all_stages" time="0.035" /><testcase classname="backend.tests.test_public_status_portal.TestClaimStagesEndpoint" name="test_stages_have_required_fields" time="0.037" /></testsuite></testsuites>