<?xml version="1.0" encoding="utf-8"?><testsuites name="pytest tests"><testsuite name="pytest" errors="0" failures="0" skipped="0" tests="21" time="1.789" timestamp="2026-02-03T03:30:16.026868+00:00" hostname="agent-env-c174270a-b2ee-412d-81cd-5fcb76446956"><testcase classname="backend.tests.test_eden_api.TestHealthCheck" name="test_api_root" time="0.102" /><testcase classname="backend.tests.test_eden_api.TestHealthCheck" name="test_status_endpoint" time="0.044" /><testcase classname="backend.tests.test_eden_api.TestAuthentication" name="test_register_new_user" time="0.298" /><testcase classname="backend.tests.test_eden_api.TestAuthentication" name="test_register_duplicate_email" time="0.039" /><testcase classname="backend.tests.test_eden_api.TestAuthentication" name="test_login_success" time="0.268" /><testcase classname="backend.tests.test_eden_api.TestAuthentication" name="test_login_invalid_password" time="0.265" /><testcase classname="backend.tests.test_eden_api.TestAuthentication" name="test_login_nonexistent_user" time="0.041" /><testcase classname="backend.tests.test_eden_api.TestAuthentication" name="test_get_current_user" time="0.039" /><testcase classname="backend.tests.test_eden_api.TestAuthentication" name="test_get_current_user_no_token" time="0.041" /><testcase classname="backend.tests.test_eden_api.TestAuthentication" name="test_get_current_user_invalid_token" time="0.035" /><testcase classname="backend.tests.test_eden_api.TestClaims" name="test_create_claim" time="0.038" /><testcase classname="backend.tests.test_eden_api.TestClaims" name="test_create_claim_without_auth" time="0.036" /><testcase classname="backend.tests.test_eden_api.TestClaims" name="test_get_all_claims" time="0.043" /><testcase classname="backend.tests.test_eden_api.TestClaims" name="test_get_claims_filtered_by_status" time="0.041" /><testcase classname="backend.tests.test_eden_api.TestClaims" name="test_get_single_claim" time="0.040" /><testcase classname="backend.tests.test_eden_api.TestClaims" name="test_get_nonexistent_claim" time="0.038" /><testcase classname="backend.tests.test_eden_api.TestClaims" name="test_update_claim" time="0.076" /><testcase classname="backend.tests.test_eden_api.TestClaims" name="test_update_nonexistent_claim" time="0.041" /><testcase classname="backend.tests.test_eden_api.TestClaimNotes" name="test_add_note_to_claim" time="0.089" /><testcase classname="backend.tests.test_eden_api.TestClaimNotes" name="test_get_claim_notes" time="0.046" /><testcase classname="backend.tests.test_eden_api.TestCleanup" name="test_cleanup_info" time="0.000" /></testsuite></testsuites>