<?xml version="1.0" encoding="utf-8"?><testsuites name="pytest tests"><testsuite name="pytest" errors="0" failures="0" skipped="0" tests="22" time="38.249" timestamp="2026-02-03T11:55:50.046284+00:00" hostname="agent-env-90946260-e989-4feb-9f91-3487c4633d81"><testcase classname="tests.test_scales.TestScalesAuth" name="test_scales_stats_requires_auth" time="0.057" /><testcase classname="tests.test_scales.TestScalesAuth" name="test_scales_estimates_requires_auth" time="0.039" /><testcase classname="tests.test_scales.TestScalesAuth" name="test_scales_comparisons_requires_auth" time="0.041" /><testcase classname="tests.test_scales.TestScalesStats" name="test_get_stats" time="0.330" /><testcase classname="tests.test_scales.TestScalesUpload" name="test_upload_carrier_estimate" time="0.315" /><testcase classname="tests.test_scales.TestScalesUpload" name="test_upload_contractor_estimate" time="0.039" /><testcase classname="tests.test_scales.TestScalesUpload" name="test_upload_invalid_file_type" time="0.041" /><testcase classname="tests.test_scales.TestScalesUpload" name="test_upload_invalid_estimate_type" time="0.041" /><testcase classname="tests.test_scales.TestScalesEstimates" name="test_list_estimates" time="0.309" /><testcase classname="tests.test_scales.TestScalesEstimates" name="test_list_estimates_filter_by_type" time="0.080" /><testcase classname="tests.test_scales.TestScalesCompare" name="test_compare_estimates" time="0.396" /><testcase classname="tests.test_scales.TestScalesCompare" name="test_compare_invalid_carrier" time="0.039" /><testcase classname="tests.test_scales.TestScalesCompare" name="test_compare_invalid_contractor" time="0.039" /><testcase classname="tests.test_scales.TestScalesComparisons" name="test_list_comparisons" time="0.338" /><testcase classname="tests.test_scales.TestScalesComparisons" name="test_get_comparison_by_id" time="0.076" /><testcase classname="tests.test_scales.TestScalesComparisons" name="test_get_nonexistent_comparison" time="0.036" /><testcase classname="tests.test_scales.TestScalesAIAnalysis" name="test_ai_analysis_comprehensive" time="26.323" /><testcase classname="tests.test_scales.TestScalesAIAnalysis" name="test_ai_analysis_invalid_comparison" time="0.089" /><testcase classname="tests.test_scales.TestScalesDisputeLetter" name="test_generate_dispute_letter" time="8.982" /><testcase classname="tests.test_scales.TestScalesDisputeLetter" name="test_dispute_letter_invalid_comparison" time="0.060" /><testcase classname="tests.test_scales.TestScalesDeleteEstimate" name="test_delete_estimate" time="0.440" /><testcase classname="tests.test_scales.TestScalesDeleteEstimate" name="test_delete_nonexistent_estimate" time="0.037" /></testsuite></testsuites>