<?xml version="1.0" encoding="utf-8"?><testsuites name="pytest tests"><testsuite name="pytest" errors="0" failures="0" skipped="0" tests="20" time="4.001" timestamp="2026-02-06T09:04:26.312939+00:00" hostname="agent-env-febfd141-52b7-4c85-981e-7c58d8cbb42b"><testcase classname="tests.test_security_ai_tagging.TestBackendHealth" name="test_health_endpoint" time="0.008" /><testcase classname="tests.test_security_ai_tagging.TestBackendHealth" name="test_api_root" time="0.073" /><testcase classname="tests.test_security_ai_tagging.TestAuthentication" name="test_login_success" time="0.288" /><testcase classname="tests.test_security_ai_tagging.TestCORSHeaders" name="test_cors_preflight_options" time="0.034" /><testcase classname="tests.test_security_ai_tagging.TestCORSHeaders" name="test_cors_headers_on_response" time="0.040" /><testcase classname="tests.test_security_ai_tagging.TestCORSHeaders" name="test_cors_allowed_methods" time="0.036" /><testcase classname="tests.test_security_ai_tagging.TestRateLimiting" name="test_rate_limit_headers_present" time="0.229" /><testcase classname="tests.test_security_ai_tagging.TestRateLimiting" name="test_rate_limit_decrements" time="0.231" /><testcase classname="tests.test_security_ai_tagging.TestRateLimiting" name="test_health_endpoint_skips_rate_limit" time="0.002" /><testcase classname="tests.test_security_ai_tagging.TestGlobalExceptionHandler" name="test_404_returns_json" time="0.041" /><testcase classname="tests.test_security_ai_tagging.TestGlobalExceptionHandler" name="test_invalid_claim_returns_clean_error" time="0.308" /><testcase classname="tests.test_security_ai_tagging.TestGlobalExceptionHandler" name="test_invalid_photo_returns_clean_error" time="0.296" /><testcase classname="tests.test_security_ai_tagging.TestAIPhotoTagging" name="test_ai_tag_endpoint_exists" time="0.300" /><testcase classname="tests.test_security_ai_tagging.TestAIPhotoTagging" name="test_ai_tag_with_voice_snippet" time="0.389" /><testcase classname="tests.test_security_ai_tagging.TestAIPhotoTagging" name="test_ai_tag_keyword_extraction" time="0.303" /><testcase classname="tests.test_security_ai_tagging.TestInspectionSessionsAndPhotos" name="test_get_room_presets" time="0.290" /><testcase classname="tests.test_security_ai_tagging.TestInspectionSessionsAndPhotos" name="test_get_category_presets" time="0.296" /><testcase classname="tests.test_security_ai_tagging.TestInspectionSessionsAndPhotos" name="test_get_inspection_stats" time="0.294" /><testcase classname="tests.test_security_ai_tagging.TestSecurityModule" name="test_rate_limiter_class_exists" time="0.228" /><testcase classname="tests.test_security_ai_tagging.TestSecurityModule" name="test_rate_limit_configuration" time="0.227" /></testsuite></testsuites>