<?xml version="1.0" encoding="utf-8"?><testsuites name="pytest tests"><testsuite name="pytest" errors="0" failures="0" skipped="0" tests="14" time="5.317" timestamp="2026-02-05T04:06:08.945222+00:00" hostname="agent-env-574c9772-dffb-4d96-bf1f-d6e5ab50b185"><testcase classname="backend.tests.test_sign_on_spot.TestSignOnTheSpot" name="test_01_login_success" time="0.390" /><testcase classname="backend.tests.test_sign_on_spot.TestSignOnTheSpot" name="test_02_get_contract_templates" time="0.281" /><testcase classname="backend.tests.test_sign_on_spot.TestSignOnTheSpot" name="test_03_get_specific_template" time="0.276" /><testcase classname="backend.tests.test_sign_on_spot.TestSignOnTheSpot" name="test_04_create_contract" time="0.344" /><testcase classname="backend.tests.test_sign_on_spot.TestSignOnTheSpot" name="test_05_create_contract_without_claim_fails" time="0.275" /><testcase classname="backend.tests.test_sign_on_spot.TestSignOnTheSpot" name="test_06_sign_in_person_creates_link" time="0.687" /><testcase classname="backend.tests.test_sign_on_spot.TestSignOnTheSpot" name="test_07_complete_signing_marks_signed" time="0.607" /><testcase classname="backend.tests.test_sign_on_spot.TestSignOnTheSpot" name="test_08_sign_in_person_nonexistent_contract" time="0.271" /><testcase classname="backend.tests.test_sign_on_spot.TestSignOnTheSpot" name="test_09_complete_signing_nonexistent_contract" time="0.270" /><testcase classname="backend.tests.test_sign_on_spot.TestSignOnTheSpot" name="test_10_get_contracts_with_stats" time="0.275" /><testcase classname="backend.tests.test_sign_on_spot.TestSignOnTheSpot" name="test_11_filter_contracts_by_status" time="0.273" /><testcase classname="backend.tests.test_sign_on_spot.TestSignOnTheSpot" name="test_12_get_single_contract" time="0.321" /><testcase classname="backend.tests.test_sign_on_spot.TestSignOnTheSpot" name="test_13_full_signing_flow" time="0.636" /><testcase classname="backend.tests.test_sign_on_spot.TestSignOnTheSpot" name="test_99_cleanup_test_contracts" time="0.333" /></testsuite></testsuites>