<?xml version="1.0" encoding="utf-8"?><testsuites name="pytest tests"><testsuite name="pytest" errors="0" failures="0" skipped="0" tests="11" time="1.178" timestamp="2026-02-03T04:21:09.180465+00:00" hostname="agent-env-ff01c7b6-b001-4fca-8d43-3a49ef602d0f"><testcase classname="backend.tests.test_adam_qa.TestAdamQABackendSuites" name="test_api_health_check" time="0.115" /><testcase classname="backend.tests.test_adam_qa.TestAdamQABackendSuites" name="test_status_endpoint" time="0.041" /><testcase classname="backend.tests.test_adam_qa.TestAdamQABackendSuites" name="test_integrations_endpoint" time="0.038" /><testcase classname="backend.tests.test_adam_qa.TestAuthentication" name="test_login_with_test_credentials" time="0.290" /><testcase classname="backend.tests.test_adam_qa.TestAuthentication" name="test_get_current_user" time="0.038" /><testcase classname="backend.tests.test_adam_qa.TestDataManagement" name="test_data_stats_endpoint" time="0.309" /><testcase classname="backend.tests.test_adam_qa.TestDataManagement" name="test_export_claims_csv" time="0.085" /><testcase classname="backend.tests.test_adam_qa.TestDataManagement" name="test_export_claims_json" time="0.039" /><testcase classname="backend.tests.test_adam_qa.TestDataManagement" name="test_download_import_template" time="0.036" /><testcase classname="backend.tests.test_adam_qa.TestDataManagement" name="test_data_stats_without_auth" time="0.034" /><testcase classname="backend.tests.test_adam_qa.TestDataManagement" name="test_export_csv_without_auth" time="0.036" /></testsuite></testsuites>