<?xml version="1.0" encoding="utf-8"?><testsuites name="pytest tests"><testsuite name="pytest" errors="0" failures="0" skipped="0" tests="12" time="2.573" timestamp="2026-02-06T23:36:20.973588+00:00" hostname="agent-env-c8956531-a144-44e5-af09-dc0054630001"><testcase classname="backend.tests.test_battle_pass.TestBattlePassPublic" name="test_get_season_info" time="0.059" /><testcase classname="backend.tests.test_battle_pass.TestBattlePassAuthenticated" name="test_get_user_progress" time="0.324" /><testcase classname="backend.tests.test_battle_pass.TestBattlePassAuthenticated" name="test_get_missions" time="0.298" /><testcase classname="backend.tests.test_battle_pass.TestBattlePassAuthenticated" name="test_get_leaderboard" time="0.299" /><testcase classname="backend.tests.test_battle_pass.TestBattlePassAuthenticated" name="test_get_user_rewards_inventory" time="0.354" /><testcase classname="backend.tests.test_battle_pass.TestBattlePassAuthenticated" name="test_claim_tier_1_reward" time="0.344" /><testcase classname="backend.tests.test_battle_pass.TestBattlePassAuthenticated" name="test_claim_unreached_tier_fails" time="0.338" /><testcase classname="backend.tests.test_battle_pass.TestBattlePassAuthenticated" name="test_award_xp" time="0.338" /><testcase classname="backend.tests.test_battle_pass.TestBattlePassUnauthenticated" name="test_progress_requires_auth" time="0.035" /><testcase classname="backend.tests.test_battle_pass.TestBattlePassUnauthenticated" name="test_missions_requires_auth" time="0.037" /><testcase classname="backend.tests.test_battle_pass.TestBattlePassUnauthenticated" name="test_leaderboard_requires_auth" time="0.033" /><testcase classname="backend.tests.test_battle_pass.TestBattlePassUnauthenticated" name="test_claim_reward_requires_auth" time="0.034" /></testsuite></testsuites>