<?xml version="1.0" encoding="utf-8"?><testsuites name="pytest tests"><testsuite name="pytest" errors="0" failures="0" skipped="1" tests="10" time="3.765" timestamp="2026-02-06T01:33:26.018566+00:00" hostname="agent-env-448c4498-8890-48b9-949a-e1aa92c2853e"><testcase classname="backend.tests.test_contracts_pdf.TestContractsPDF" name="test_get_contract_details" time="0.353" /><testcase classname="backend.tests.test_contracts_pdf.TestContractsPDF" name="test_pdf_generation_returns_pdf" time="0.616" /><testcase classname="backend.tests.test_contracts_pdf.TestContractsPDF" name="test_pdf_contains_field_values" time="0.675" /><testcase classname="backend.tests.test_contracts_pdf.TestContractsPDF" name="test_sign_in_person_endpoint" time="0.280"><skipped type="pytest.skip" message="No draft contract available for signing test">/app/backend/tests/test_contracts_pdf.py:136: No draft contract available for signing test</skipped></testcase><testcase classname="backend.tests.test_contracts_pdf.TestContractsPDF" name="test_complete_signing_endpoint" time="0.343" /><testcase classname="backend.tests.test_contracts_pdf.TestContractsPDF" name="test_contract_not_found" time="0.286" /><testcase classname="backend.tests.test_contracts_pdf.TestContractsPDF" name="test_pdf_not_found" time="0.283" /><testcase classname="backend.tests.test_contracts_pdf.TestContractsListAndStats" name="test_get_contracts_list" time="0.271" /><testcase classname="backend.tests.test_contracts_pdf.TestContractsListAndStats" name="test_get_contracts_by_status" time="0.273" /><testcase classname="backend.tests.test_contracts_pdf.TestContractsListAndStats" name="test_get_templates" time="0.320" /></testsuite></testsuites>