<?xml version="1.0" encoding="utf-8"?><testsuites name="pytest tests"><testsuite name="pytest" errors="0" failures="0" skipped="0" tests="17" time="2.942" timestamp="2026-02-04T15:18:21.508228+00:00" hostname="agent-env-b1051d1a-9fee-47cc-9c7c-3c72018f12a8"><testcase classname="tests.test_harvest_canvassing.TestCanvassingMapPins" name="test_get_pins" time="0.357" /><testcase classname="tests.test_harvest_canvassing.TestCanvassingMapPins" name="test_create_pin" time="0.079" /><testcase classname="tests.test_harvest_canvassing.TestCanvassingMapPins" name="test_create_and_update_pin_status" time="0.254" /><testcase classname="tests.test_harvest_canvassing.TestCanvassingMapPins" name="test_update_pin_contact_info" time="0.075" /><testcase classname="tests.test_harvest_canvassing.TestCanvassingMapTerritories" name="test_get_territories" time="0.292" /><testcase classname="tests.test_harvest_canvassing.TestCanvassingMapStats" name="test_get_stats_overview" time="0.296" /><testcase classname="tests.test_harvest_canvassing.TestRegridAPI" name="test_parcel_point_lookup_fallback" time="0.297" /><testcase classname="tests.test_harvest_canvassing.TestRegridAPI" name="test_regrid_stats" time="0.034" /><testcase classname="tests.test_harvest_canvassing.TestRegridAPI" name="test_tiles_config" time="0.035" /><testcase classname="tests.test_harvest_canvassing.TestHarvestScoring" name="test_get_leaderboard_day" time="0.294" /><testcase classname="tests.test_harvest_canvassing.TestHarvestScoring" name="test_get_leaderboard_week" time="0.038" /><testcase classname="tests.test_harvest_canvassing.TestHarvestScoring" name="test_get_leaderboard_month" time="0.039" /><testcase classname="tests.test_harvest_canvassing.TestHarvestScoring" name="test_get_leaderboard_all_time" time="0.037" /><testcase classname="tests.test_harvest_canvassing.TestHarvestScoring" name="test_get_badges" time="0.035" /><testcase classname="tests.test_harvest_canvassing.TestHarvestScoring" name="test_get_my_stats" time="0.078" /><testcase classname="tests.test_harvest_canvassing.TestHarvestCompetitions" name="test_get_competitions" time="0.293" /><testcase classname="tests.test_harvest_canvassing.TestDispositions" name="test_get_dispositions" time="0.288" /></testsuite></testsuites>