<?xml version="1.0" encoding="utf-8"?><testsuites name="pytest tests"><testsuite name="pytest" errors="0" failures="0" skipped="0" tests="27" time="7.824" timestamp="2026-02-05T23:50:04.236432+00:00" hostname="agent-env-448c4498-8890-48b9-949a-e1aa92c2853e"><testcase classname="tests.test_harvest_v2_gamification.TestHarvestV2APIs" name="test_dispositions_returns_200" time="0.327" /><testcase classname="tests.test_harvest_v2_gamification.TestHarvestV2APIs" name="test_dispositions_returns_array" time="0.274" /><testcase classname="tests.test_harvest_v2_gamification.TestHarvestV2APIs" name="test_dispositions_have_required_fields" time="0.276" /><testcase classname="tests.test_harvest_v2_gamification.TestHarvestV2APIs" name="test_dispositions_include_standard_codes" time="0.274" /><testcase classname="tests.test_harvest_v2_gamification.TestHarvestV2APIs" name="test_dispositions_colors_are_valid_hex" time="0.271" /><testcase classname="tests.test_harvest_v2_gamification.TestHarvestV2APIs" name="test_dispositions_unauthorized_without_token" time="0.309" /><testcase classname="tests.test_harvest_v2_gamification.TestHarvestV2APIs" name="test_today_returns_200" time="0.277" /><testcase classname="tests.test_harvest_v2_gamification.TestHarvestV2APIs" name="test_today_returns_daily_stats" time="0.271" /><testcase classname="tests.test_harvest_v2_gamification.TestHarvestV2APIs" name="test_today_returns_goals" time="0.271" /><testcase classname="tests.test_harvest_v2_gamification.TestHarvestV2APIs" name="test_today_returns_progress_percentages" time="0.272" /><testcase classname="tests.test_harvest_v2_gamification.TestHarvestV2APIs" name="test_today_returns_streak_days" time="0.273" /><testcase classname="tests.test_harvest_v2_gamification.TestHarvestV2APIs" name="test_today_returns_total_points" time="0.306" /><testcase classname="tests.test_harvest_v2_gamification.TestHarvestV2APIs" name="test_today_returns_dispositions" time="0.312" /><testcase classname="tests.test_harvest_v2_gamification.TestHarvestV2APIs" name="test_today_unauthorized_without_token" time="0.342" /><testcase classname="tests.test_harvest_v2_gamification.TestHarvestV2APIs" name="test_territories_list_returns_200" time="0.280" /><testcase classname="tests.test_harvest_v2_gamification.TestHarvestV2APIs" name="test_territories_list_returns_array" time="0.274" /><testcase classname="tests.test_harvest_v2_gamification.TestHarvestV2APIs" name="test_territories_have_required_fields" time="0.278" /><testcase classname="tests.test_harvest_v2_gamification.TestHarvestV2APIs" name="test_territories_have_stats" time="0.275" /><testcase classname="tests.test_harvest_v2_gamification.TestHarvestV2APIs" name="test_territories_my_returns_200" time="0.300" /><testcase classname="tests.test_harvest_v2_gamification.TestHarvestV2APIs" name="test_territories_my_returns_array" time="0.271" /><testcase classname="tests.test_harvest_v2_gamification.TestHarvestV2APIs" name="test_territories_unauthorized_without_token" time="0.296" /><testcase classname="tests.test_harvest_v2_gamification.TestTerritoryManagement" name="test_create_territory" time="0.275" /><testcase classname="tests.test_harvest_v2_gamification.TestTerritoryManagement" name="test_get_territory_by_id" time="0.328" /><testcase classname="tests.test_harvest_v2_gamification.TestTerritoryManagement" name="test_assign_territory_to_user" time="0.287" /><testcase classname="tests.test_harvest_v2_gamification.TestHarvestMapIntegration" name="test_dispositions_match_pin_statuses" time="0.276" /><testcase classname="tests.test_harvest_v2_gamification.TestHarvestMapIntegration" name="test_dispositions_have_colors_for_legend" time="0.268" /><testcase classname="tests.test_harvest_v2_gamification.TestHarvestMapIntegration" name="test_dispositions_have_labels_for_legend" time="0.270" /></testsuite></testsuites>