<?xml version="1.0" encoding="utf-8"?><testsuites name="pytest tests"><testsuite name="pytest" errors="0" failures="0" skipped="0" tests="20" time="5.881" timestamp="2026-02-05T18:50:04.393146+00:00" hostname="agent-env-24cd5aa2-3d7b-4504-924a-d9b9271a9ec1"><testcase classname="backend.tests.test_harvest_challenges_tab.TestHarvestChallengesTab" name="test_seed_challenges_creates_4_challenges" time="0.349" /><testcase classname="backend.tests.test_harvest_challenges_tab.TestHarvestChallengesTab" name="test_seed_challenges_returns_challenge_ids" time="0.306" /><testcase classname="backend.tests.test_harvest_challenges_tab.TestHarvestChallengesTab" name="test_get_challenges_returns_4_challenges" time="0.296" /><testcase classname="backend.tests.test_harvest_challenges_tab.TestHarvestChallengesTab" name="test_get_challenges_has_required_fields" time="0.276" /><testcase classname="backend.tests.test_harvest_challenges_tab.TestHarvestChallengesTab" name="test_get_challenges_daily_door_sprint" time="0.277" /><testcase classname="backend.tests.test_harvest_challenges_tab.TestHarvestChallengesTab" name="test_get_challenges_early_bird_special" time="0.274" /><testcase classname="backend.tests.test_harvest_challenges_tab.TestHarvestChallengesTab" name="test_get_challenges_appointment_ace" time="0.272" /><testcase classname="backend.tests.test_harvest_challenges_tab.TestHarvestChallengesTab" name="test_get_challenges_weekend_warrior" time="0.272" /><testcase classname="backend.tests.test_harvest_challenges_tab.TestHarvestChallengesTab" name="test_get_challenges_progress_bars" time="0.270" /><testcase classname="backend.tests.test_harvest_challenges_tab.TestHarvestChallengesTab" name="test_get_challenges_time_remaining" time="0.276" /><testcase classname="backend.tests.test_harvest_challenges_tab.TestHarvestChallengesTab" name="test_get_challenges_points_reward" time="0.275" /><testcase classname="backend.tests.test_harvest_challenges_tab.TestHarvestChallengesTab" name="test_get_challenges_state_values" time="0.284" /><testcase classname="backend.tests.test_harvest_challenges_tab.TestHarvestChallengesTab" name="test_get_campaigns_returns_active_campaign" time="0.265" /><testcase classname="backend.tests.test_harvest_challenges_tab.TestHarvestChallengesTab" name="test_get_campaigns_weekend_door_blitz" time="0.324" /><testcase classname="backend.tests.test_harvest_challenges_tab.TestHarvestChallengesTab" name="test_get_campaigns_time_remaining" time="0.276" /><testcase classname="backend.tests.test_harvest_challenges_tab.TestHarvestChallengesTab" name="test_get_campaigns_has_required_fields" time="0.275" /><testcase classname="backend.tests.test_harvest_challenges_tab.TestHarvestChallengesTab" name="test_get_campaigns_progress_fields" time="0.269" /><testcase classname="backend.tests.test_harvest_challenges_tab.TestHarvestChallengesTab" name="test_get_challenges_requires_auth" time="0.355" /><testcase classname="backend.tests.test_harvest_challenges_tab.TestHarvestChallengesTab" name="test_seed_challenges_requires_auth" time="0.299" /><testcase classname="backend.tests.test_harvest_challenges_tab.TestHarvestChallengesTab" name="test_get_campaigns_requires_auth" time="0.298" /></testsuite></testsuites>