<?xml version="1.0" encoding="utf-8"?><testsuites name="pytest tests"><testsuite name="pytest" errors="0" failures="0" skipped="0" tests="24" time="6.934" timestamp="2026-02-05T19:00:57.464701+00:00" hostname="agent-env-24cd5aa2-3d7b-4504-924a-d9b9271a9ec1"><testcase classname="backend.tests.test_harvest_rewards_campaigns.TestHarvestRewardsCampaigns" name="test_get_rewards_returns_list_with_user_points" time="0.313" /><testcase classname="backend.tests.test_harvest_rewards_campaigns.TestHarvestRewardsCampaigns" name="test_get_rewards_with_category_filter" time="0.285" /><testcase classname="backend.tests.test_harvest_rewards_campaigns.TestHarvestRewardsCampaigns" name="test_get_rewards_featured_only" time="0.318" /><testcase classname="backend.tests.test_harvest_rewards_campaigns.TestHarvestRewardsCampaigns" name="test_create_reward_requires_admin" time="0.272" /><testcase classname="backend.tests.test_harvest_rewards_campaigns.TestHarvestRewardsCampaigns" name="test_get_campaigns_returns_list_with_progress" time="0.269" /><testcase classname="backend.tests.test_harvest_rewards_campaigns.TestHarvestRewardsCampaigns" name="test_get_campaigns_with_status_filter" time="0.321" /><testcase classname="backend.tests.test_harvest_rewards_campaigns.TestHarvestRewardsCampaigns" name="test_get_campaigns_include_past" time="0.276" /><testcase classname="backend.tests.test_harvest_rewards_campaigns.TestHarvestRewardsCampaigns" name="test_get_campaign_templates_returns_5_defaults" time="0.270" /><testcase classname="backend.tests.test_harvest_rewards_campaigns.TestHarvestRewardsCampaigns" name="test_get_user_streak_returns_status_with_multiplier" time="0.283" /><testcase classname="backend.tests.test_harvest_rewards_campaigns.TestHarvestRewardsCampaigns" name="test_get_user_challenges_returns_active_challenges" time="0.268" /><testcase classname="backend.tests.test_harvest_rewards_campaigns.TestHarvestRewardsCampaigns" name="test_get_challenges_include_completed" time="0.270" /><testcase classname="backend.tests.test_harvest_rewards_campaigns.TestHarvestRewardsCampaigns" name="test_get_badges_by_tier_returns_organized_badges" time="0.269" /><testcase classname="backend.tests.test_harvest_rewards_campaigns.TestHarvestRewardsCampaigns" name="test_get_reward_progress_returns_progress_toward_next_reward" time="0.268" /><testcase classname="backend.tests.test_harvest_rewards_campaigns.TestHarvestRewardsCampaigns" name="test_redeem_reward_fails_with_insufficient_points" time="0.322" /><testcase classname="backend.tests.test_harvest_rewards_campaigns.TestHarvestRewardsCampaigns" name="test_redeem_nonexistent_reward_returns_404" time="0.272" /><testcase classname="backend.tests.test_harvest_rewards_campaigns.TestHarvestRewardsCampaigns" name="test_get_redemptions_returns_history" time="0.271" /><testcase classname="backend.tests.test_harvest_rewards_campaigns.TestHarvestRewardsCampaigns" name="test_get_redemptions_with_status_filter" time="0.272" /><testcase classname="backend.tests.test_harvest_rewards_campaigns.TestHarvestRewardsCampaigns" name="test_rewards_endpoint_requires_auth" time="0.313" /><testcase classname="backend.tests.test_harvest_rewards_campaigns.TestHarvestRewardsCampaigns" name="test_streak_endpoint_requires_auth" time="0.300" /><testcase classname="backend.tests.test_harvest_rewards_campaigns.TestHarvestRewardsCampaigns" name="test_badges_tiers_endpoint_requires_auth" time="0.338" /><testcase classname="backend.tests.test_harvest_rewards_campaigns.TestHarvestRewardsCampaignsDataValidation" name="test_rewards_sorted_by_points_required" time="0.266" /><testcase classname="backend.tests.test_harvest_rewards_campaigns.TestHarvestRewardsCampaignsDataValidation" name="test_user_points_consistency" time="0.287" /><testcase classname="backend.tests.test_harvest_rewards_campaigns.TestHarvestRewardsCampaignsDataValidation" name="test_campaign_templates_have_valid_goal_types" time="0.276" /><testcase classname="backend.tests.test_harvest_rewards_campaigns.TestHarvestRewardsCampaignsDataValidation" name="test_campaign_templates_have_valid_reward_types" time="0.269" /></testsuite></testsuites>