<?xml version="1.0" encoding="utf-8"?><testsuites name="pytest tests"><testsuite name="pytest" errors="0" failures="0" skipped="0" tests="14" time="7.843" timestamp="2026-02-05T05:02:02.747017+00:00" hostname="agent-env-3481e6de-540e-42e6-9c02-54c6c6d48810"><testcase classname="backend.tests.test_harvest_v2_scoring.TestHarvestV2ScoringEngine" name="test_get_badges" time="0.411" /><testcase classname="backend.tests.test_harvest_v2_scoring.TestHarvestV2ScoringEngine" name="test_get_badge_definitions" time="0.275" /><testcase classname="backend.tests.test_harvest_v2_scoring.TestHarvestV2ScoringEngine" name="test_get_daily_blitz" time="0.275" /><testcase classname="backend.tests.test_harvest_v2_scoring.TestHarvestV2ScoringEngine" name="test_get_my_stats" time="0.276" /><testcase classname="backend.tests.test_harvest_v2_scoring.TestHarvestV2ScoringEngine" name="test_get_leaderboard_v2" time="0.273" /><testcase classname="backend.tests.test_harvest_v2_scoring.TestHarvestV2ScoringEngine" name="test_get_leaderboard_original" time="0.270" /><testcase classname="backend.tests.test_harvest_v2_scoring.TestHarvestV2ScoringEngine" name="test_canvassing_map_stats" time="0.277" /><testcase classname="backend.tests.test_harvest_v2_scoring.TestHarvestV2ScoringEngine" name="test_canvassing_map_leaderboard" time="0.272" /><testcase classname="backend.tests.test_harvest_v2_scoring.TestHarvestV2ScoringEngine" name="test_create_pin_and_log_visit" time="1.573" /><testcase classname="backend.tests.test_harvest_v2_scoring.TestHarvestV2ScoringEngine" name="test_visit_with_appointment_status" time="2.085" /><testcase classname="backend.tests.test_harvest_v2_scoring.TestHarvestV2ScoringEngine" name="test_visit_with_signed_status" time="0.953" /><testcase classname="backend.tests.test_harvest_v2_scoring.TestHarvestV2ScoringEngine" name="test_get_active_competitions" time="0.271" /><testcase classname="backend.tests.test_harvest_v2_scoring.TestHarvestV2ScoringEngine" name="test_get_competitions" time="0.275" /><testcase classname="backend.tests.test_harvest_v2_scoring.TestHarvestV2ScoringEngine" name="test_get_harvest_profile" time="0.277" /></testsuite></testsuites>