<?xml version="1.0" encoding="utf-8"?><testsuites name="pytest tests"><testsuite name="pytest" errors="0" failures="0" skipped="0" tests="22" time="1.532" timestamp="2026-02-03T20:43:35.809616+00:00" hostname="agent-env-f1063552-2295-4299-bead-a3607067b31a"><testcase classname="backend.tests.test_harvest_education.TestHarvestLeaderboard" name="test_get_leaderboard_success" time="0.356" /><testcase classname="backend.tests.test_harvest_education.TestHarvestLeaderboard" name="test_leaderboard_entry_structure" time="0.042" /><testcase classname="backend.tests.test_harvest_education.TestHarvestLeaderboard" name="test_leaderboard_period_filter" time="0.175" /><testcase classname="backend.tests.test_harvest_education.TestHarvestLeaderboard" name="test_leaderboard_metric_filter" time="0.122" /><testcase classname="backend.tests.test_harvest_education.TestHarvestLeaderboard" name="test_leaderboard_requires_auth" time="0.045" /><testcase classname="backend.tests.test_harvest_education.TestHarvestBadges" name="test_get_badges_success" time="0.041" /><testcase classname="backend.tests.test_harvest_education.TestHarvestBadges" name="test_badge_structure" time="0.043" /><testcase classname="backend.tests.test_harvest_education.TestHarvestBadges" name="test_badges_requires_auth" time="0.054" /><testcase classname="backend.tests.test_harvest_education.TestHarvestCompetitions" name="test_get_competitions_success" time="0.040" /><testcase classname="backend.tests.test_harvest_education.TestHarvestCompetitions" name="test_competitions_requires_auth" time="0.038" /><testcase classname="backend.tests.test_harvest_education.TestHarvestTeamStats" name="test_get_team_stats_success" time="0.045" /><testcase classname="backend.tests.test_harvest_education.TestHarvestTeamStats" name="test_team_stats_requires_auth" time="0.037" /><testcase classname="backend.tests.test_harvest_education.TestClientEducationCategories" name="test_get_categories_success" time="0.041" /><testcase classname="backend.tests.test_harvest_education.TestClientEducationCategories" name="test_categories_structure" time="0.040" /><testcase classname="backend.tests.test_harvest_education.TestClientEducationArticles" name="test_get_articles_success" time="0.038" /><testcase classname="backend.tests.test_harvest_education.TestClientEducationArticles" name="test_article_structure" time="0.042" /><testcase classname="backend.tests.test_harvest_education.TestClientEducationArticles" name="test_articles_filter_by_category" time="0.040" /><testcase classname="backend.tests.test_harvest_education.TestClientEducationGlossary" name="test_get_glossary_success" time="0.041" /><testcase classname="backend.tests.test_harvest_education.TestClientEducationGlossary" name="test_glossary_term_structure" time="0.039" /><testcase classname="backend.tests.test_harvest_education.TestClientEducationGlossary" name="test_glossary_filter_by_category" time="0.038" /><testcase classname="backend.tests.test_harvest_education.TestHarvestMyRank" name="test_get_my_rank_success" time="0.037" /><testcase classname="backend.tests.test_harvest_education.TestHarvestUserStats" name="test_get_user_stats_success" time="0.044" /></testsuite></testsuites>