<?xml version="1.0" encoding="utf-8"?><testsuites name="pytest tests"><testsuite name="pytest" errors="0" failures="0" skipped="0" tests="23" time="4.389" timestamp="2026-02-05T21:21:45.703504+00:00" hostname="agent-env-2904fcad-23a9-48f8-9e36-4c61dcaa680d"><testcase classname="backend.tests.test_incentives_phase3.TestPhase3Auth" name="test_calculate_baselines_requires_auth" time="0.075" /><testcase classname="backend.tests.test_incentives_phase3.TestPhase3Auth" name="test_end_and_evaluate_requires_auth" time="0.040" /><testcase classname="backend.tests.test_incentives_phase3.TestPhase3Auth" name="test_lottery_qualifiers_requires_auth" time="0.040" /><testcase classname="backend.tests.test_incentives_phase3.TestPhase3Auth" name="test_notifications_me_requires_auth" time="0.039" /><testcase classname="backend.tests.test_incentives_phase3.TestPhase3Auth" name="test_badges_earned_requires_auth" time="0.040" /><testcase classname="backend.tests.test_incentives_phase3.TestNotificationsMe" name="test_notifications_me_returns_list" time="0.338" /><testcase classname="backend.tests.test_incentives_phase3.TestNotificationsMe" name="test_notifications_me_unread_only_filter" time="0.040" /><testcase classname="backend.tests.test_incentives_phase3.TestNotificationsMe" name="test_notifications_me_limit_parameter" time="0.041" /><testcase classname="backend.tests.test_incentives_phase3.TestBadgesEarned" name="test_badges_earned_returns_list" time="0.301" /><testcase classname="backend.tests.test_incentives_phase3.TestBadgesEarned" name="test_badges_earned_structure" time="0.041" /><testcase classname="backend.tests.test_incentives_phase3.TestLotteryQualifiers" name="test_lottery_qualifiers_not_found" time="0.301" /><testcase classname="backend.tests.test_incentives_phase3.TestLotteryQualifiers" name="test_lottery_qualifiers_no_lottery_rule" time="0.085" /><testcase classname="backend.tests.test_incentives_phase3.TestCalculateBaselines" name="test_calculate_baselines_not_found" time="0.298" /><testcase classname="backend.tests.test_incentives_phase3.TestCalculateBaselines" name="test_calculate_baselines_requires_admin" time="0.084" /><testcase classname="backend.tests.test_incentives_phase3.TestCalculateBaselines" name="test_calculate_baselines_with_period" time="0.223" /><testcase classname="backend.tests.test_incentives_phase3.TestEndAndEvaluate" name="test_end_and_evaluate_not_found" time="0.311" /><testcase classname="backend.tests.test_incentives_phase3.TestEndAndEvaluate" name="test_end_and_evaluate_requires_admin" time="0.155" /><testcase classname="backend.tests.test_incentives_phase3.TestImprovementRuleFlow" name="test_create_improvement_competition" time="0.417" /><testcase classname="backend.tests.test_incentives_phase3.TestLotteryRuleFlow" name="test_create_lottery_competition" time="0.448" /><testcase classname="backend.tests.test_incentives_phase3.TestMarkNotificationRead" name="test_mark_notification_read_not_found" time="0.298" /><testcase classname="backend.tests.test_incentives_phase3.TestExistingCompetitionPhase3" name="test_get_competition_details" time="0.298" /><testcase classname="backend.tests.test_incentives_phase3.TestExistingCompetitionPhase3" name="test_calculate_baselines_on_existing" time="0.042" /><testcase classname="backend.tests.test_incentives_phase3.TestRuleTypeValidation" name="test_rule_types_available" time="0.347" /></testsuite></testsuites>