<?xml version="1.0" encoding="utf-8"?><testsuites name="pytest tests"><testsuite name="pytest" errors="0" failures="0" skipped="0" tests="22" time="2.916" timestamp="2026-02-05T19:59:32.864283+00:00" hostname="agent-env-09f21500-334a-4ca8-8a7b-8b00cef4f34b"><testcase classname="backend.tests.test_incentives_engine.TestIncentivesEngineAuth" name="test_metrics_requires_auth" time="0.067" /><testcase classname="backend.tests.test_incentives_engine.TestIncentivesEngineAuth" name="test_templates_requires_auth" time="0.049" /><testcase classname="backend.tests.test_incentives_engine.TestIncentivesEngineAuth" name="test_seasons_requires_auth" time="0.039" /><testcase classname="backend.tests.test_incentives_engine.TestIncentivesEngineAuth" name="test_competitions_requires_auth" time="0.037" /><testcase classname="backend.tests.test_incentives_engine.TestIncentivesMetrics" name="test_get_metrics_returns_10_seeded" time="0.327" /><testcase classname="backend.tests.test_incentives_engine.TestIncentivesMetrics" name="test_metrics_have_required_fields" time="0.045" /><testcase classname="backend.tests.test_incentives_engine.TestIncentivesMetrics" name="test_metrics_include_expected_kpis" time="0.039" /><testcase classname="backend.tests.test_incentives_engine.TestIncentivesMetrics" name="test_get_single_metric" time="0.042" /><testcase classname="backend.tests.test_incentives_engine.TestIncentivesTemplates" name="test_get_templates_returns_7_seeded" time="0.345" /><testcase classname="backend.tests.test_incentives_engine.TestIncentivesTemplates" name="test_templates_have_required_fields" time="0.039" /><testcase classname="backend.tests.test_incentives_engine.TestIncentivesTemplates" name="test_templates_include_expected_types" time="0.155" /><testcase classname="backend.tests.test_incentives_engine.TestIncentivesTemplates" name="test_get_single_template" time="0.040" /><testcase classname="backend.tests.test_incentives_engine.TestIncentivesSeasons" name="test_create_season" time="0.305" /><testcase classname="backend.tests.test_incentives_engine.TestIncentivesSeasons" name="test_get_seasons_returns_created" time="0.044" /><testcase classname="backend.tests.test_incentives_engine.TestIncentivesSeasons" name="test_get_single_season" time="0.045" /><testcase classname="backend.tests.test_incentives_engine.TestIncentivesCompetitions" name="test_create_competition_from_template" time="0.306" /><testcase classname="backend.tests.test_incentives_engine.TestIncentivesCompetitions" name="test_get_competitions_returns_list" time="0.039" /><testcase classname="backend.tests.test_incentives_engine.TestIncentivesCompetitions" name="test_get_single_competition" time="0.042" /><testcase classname="backend.tests.test_incentives_engine.TestIncentivesCompetitions" name="test_start_scheduled_competition" time="0.147" /><testcase classname="backend.tests.test_incentives_engine.TestIncentivesCompetitions" name="test_competition_has_enriched_data" time="0.042" /><testcase classname="backend.tests.test_incentives_engine.TestIncentivesCompetitionRules" name="test_get_competition_rules" time="0.314" /><testcase classname="backend.tests.test_incentives_engine.TestIncentivesMyCompetitions" name="test_get_my_competitions" time="0.305" /></testsuite></testsuites>