<?xml version="1.0" encoding="utf-8"?><testsuites name="pytest tests"><testsuite name="pytest" errors="0" failures="0" skipped="0" tests="12" time="4.295" timestamp="2026-02-07T04:24:14.823817+00:00" hostname="agent-env-bd73f732-b87c-4050-8140-b62e96c66463"><testcase classname="backend.tests.test_inspection_photo_fix.TestInspectionPhotoUploadFix" name="test_create_inspection_session" time="0.337" /><testcase classname="backend.tests.test_inspection_photo_fix.TestInspectionPhotoUploadFix" name="test_get_sessions_for_claim" time="0.278" /><testcase classname="backend.tests.test_inspection_photo_fix.TestInspectionPhotoUploadFix" name="test_complete_inspection_session" time="0.327" /><testcase classname="backend.tests.test_inspection_photo_fix.TestInspectionPhotoUploadFix" name="test_upload_photo_with_claim_and_session" time="0.357" /><testcase classname="backend.tests.test_inspection_photo_fix.TestInspectionPhotoUploadFix" name="test_get_claim_photos" time="0.410" /><testcase classname="backend.tests.test_inspection_photo_fix.TestInspectionPhotoUploadFix" name="test_get_photo_image_with_token" time="0.348" /><testcase classname="backend.tests.test_inspection_photo_fix.TestInspectionPhotoUploadFix" name="test_photo_image_requires_token" time="0.385" /><testcase classname="backend.tests.test_inspection_photo_fix.TestInspectionPhotoUploadFix" name="test_upload_photo_requires_claim_id" time="0.311" /><testcase classname="backend.tests.test_inspection_photo_fix.TestInspectionPhotoUploadFix" name="test_photo_includes_captured_at_timestamp" time="0.323" /><testcase classname="backend.tests.test_inspection_photo_fix.TestInspectionPhotoUploadFix" name="test_session_tracks_photo_count" time="0.451" /><testcase classname="backend.tests.test_inspection_photo_fix.TestInspectionPhotoUploadFix" name="test_existing_claim_has_photos" time="0.263" /><testcase classname="backend.tests.test_inspection_photo_fix.TestVoiceToPhotoWorkflow" name="test_photo_upload_then_voice_workflow" time="0.427" /></testsuite></testsuites>