<?xml version="1.0" encoding="utf-8"?><testsuites name="pytest tests"><testsuite name="pytest" errors="0" failures="1" skipped="0" tests="9" time="2.094" timestamp="2026-02-07T10:20:46.312602+00:00" hostname="agent-env-bd73f732-b87c-4050-8140-b62e96c66463"><testcase classname="backend.tests.test_iteration53_fixes.TestAuth" name="test_login_returns_token" time="0.334" /><testcase classname="backend.tests.test_iteration53_fixes.TestUploadsAPI" name="test_uploads_my_files_endpoint" time="0.304" /><testcase classname="backend.tests.test_iteration53_fixes.TestMyCardAPI" name="test_mycard_me_endpoint" time="0.311" /><testcase classname="backend.tests.test_iteration53_fixes.TestMyCardAPI" name="test_mycard_team_endpoint" time="0.037" /><testcase classname="backend.tests.test_iteration53_fixes.TestMyCardAPI" name="test_mycard_share_link_endpoint" time="0.040" /><testcase classname="backend.tests.test_iteration53_fixes.TestClaimsAPI" name="test_claims_list_endpoint" time="0.298" /><testcase classname="backend.tests.test_iteration53_fixes.TestClaimsAPI" name="test_get_single_claim" time="0.075" /><testcase classname="backend.tests.test_iteration53_fixes.TestInspectionsPhotoAPI" name="test_claim_photos_endpoint" time="0.331" /><testcase classname="backend.tests.test_iteration53_fixes.TestDashboardAPI" name="test_dashboard_stats_endpoint" time="0.292"><failure message="AssertionError: Dashboard stats failed: {&quot;detail&quot;:&quot;Not Found&quot;}&#10;assert 404 == 200&#10; +  where 404 = &lt;Response [404]&gt;.status_code">backend/tests/test_iteration53_fixes.py:218: in test_dashboard_stats_endpoint
    assert response.status_code == 200, f"Dashboard stats failed: {response.text}"
E   AssertionError: Dashboard stats failed: {"detail":"Not Found"}
E   assert 404 == 200
E    +  where 404 = &lt;Response [404]&gt;.status_code</failure></testcase></testsuite></testsuites>