<?xml version="1.0" encoding="utf-8"?><testsuites name="pytest tests"><testsuite name="pytest" errors="0" failures="0" skipped="0" tests="12" time="6.910" timestamp="2026-02-05T22:52:52.905410+00:00" hostname="agent-env-c28c853f-4e11-4bf9-9325-3ca117052cdc"><testcase classname="backend.tests.test_launch_from_template.TestLaunchFromTemplate" name="test_get_templates_returns_list" time="0.568" /><testcase classname="backend.tests.test_launch_from_template.TestLaunchFromTemplate" name="test_templates_have_launch_button_data" time="0.503" /><testcase classname="backend.tests.test_launch_from_template.TestLaunchFromTemplate" name="test_create_competition_from_template_success" time="0.530" /><testcase classname="backend.tests.test_launch_from_template.TestLaunchFromTemplate" name="test_create_from_template_increments_usage_count" time="0.557" /><testcase classname="backend.tests.test_launch_from_template.TestLaunchFromTemplate" name="test_create_from_template_copies_rules" time="0.635" /><testcase classname="backend.tests.test_launch_from_template.TestLaunchFromTemplate" name="test_create_from_template_with_season" time="0.824" /><testcase classname="backend.tests.test_launch_from_template.TestLaunchFromTemplate" name="test_create_from_template_invalid_template_id" time="0.512" /><testcase classname="backend.tests.test_launch_from_template.TestLaunchFromTemplate" name="test_create_from_template_missing_required_fields" time="0.621" /><testcase classname="backend.tests.test_launch_from_template.TestLaunchFromTemplate" name="test_created_competition_appears_in_list" time="0.967" /><testcase classname="backend.tests.test_launch_from_template.TestLaunchFromTemplate" name="test_seasons_endpoint_for_dropdown" time="0.567" /><testcase classname="backend.tests.test_launch_from_template.TestTemplateUsageTracking" name="test_template_has_times_used_field" time="0.271" /><testcase classname="backend.tests.test_launch_from_template.TestTemplateUsageTracking" name="test_template_has_last_used_at_field" time="0.269" /></testsuite></testsuites>