<?xml version="1.0" encoding="utf-8"?><testsuites name="pytest tests"><testsuite name="pytest" errors="0" failures="0" skipped="0" tests="17" time="4.873" timestamp="2026-02-05T09:28:57.875549+00:00" hostname="agent-env-3481e6de-540e-42e6-9c02-54c6c6d48810"><testcase classname="backend.tests.test_notifications_coach.TestNotificationsAPI" name="test_get_notifications_with_pagination" time="0.388" /><testcase classname="backend.tests.test_notifications_coach.TestNotificationsAPI" name="test_get_notifications_filter_by_type" time="0.277" /><testcase classname="backend.tests.test_notifications_coach.TestNotificationsAPI" name="test_get_notifications_unread_only" time="0.315" /><testcase classname="backend.tests.test_notifications_coach.TestNotificationsAPI" name="test_get_unread_count" time="0.271" /><testcase classname="backend.tests.test_notifications_coach.TestNotificationsAPI" name="test_mark_single_notification_read" time="0.325" /><testcase classname="backend.tests.test_notifications_coach.TestNotificationsAPI" name="test_mark_all_notifications_read" time="0.265" /><testcase classname="backend.tests.test_notifications_coach.TestNotificationsAPI" name="test_mark_nonexistent_notification_read" time="0.270" /><testcase classname="backend.tests.test_notifications_coach.TestHarvestCoachBot" name="test_get_coach_status" time="0.270" /><testcase classname="backend.tests.test_notifications_coach.TestHarvestCoachBot" name="test_trigger_coach_hourly" time="0.267" /><testcase classname="backend.tests.test_notifications_coach.TestHarvestCoachBot" name="test_trigger_coach_nightly" time="0.264" /><testcase classname="backend.tests.test_notifications_coach.TestHarvestCoachBot" name="test_harvest_coach_notification_structure" time="0.271" /><testcase classname="backend.tests.test_notifications_coach.TestNotificationTypes" name="test_claim_created_notification_type" time="0.268" /><testcase classname="backend.tests.test_notifications_coach.TestNotificationTypes" name="test_claim_assigned_notification_type" time="0.265" /><testcase classname="backend.tests.test_notifications_coach.TestNotificationTypes" name="test_system_notification_type" time="0.266" /><testcase classname="backend.tests.test_notifications_coach.TestNotificationPagination" name="test_pagination_page_2" time="0.271" /><testcase classname="backend.tests.test_notifications_coach.TestNotificationPagination" name="test_pagination_large_limit" time="0.270" /><testcase classname="backend.tests.test_notifications_coach.TestNotificationPagination" name="test_pagination_has_more_flag" time="0.270" /></testsuite></testsuites>