<?xml version="1.0" encoding="utf-8"?><testsuites name="pytest tests"><testsuite name="pytest" errors="0" failures="0" skipped="0" tests="19" time="3.941" timestamp="2026-02-03T14:37:02.772208+00:00" hostname="agent-env-dd1444b4-7482-4998-97fb-466c067caa88"><testcase classname="backend.tests.test_payments.TestPaymentPackages" name="test_get_packages_returns_200" time="0.071" /><testcase classname="backend.tests.test_payments.TestPaymentPackages" name="test_get_packages_returns_three_tiers" time="0.041" /><testcase classname="backend.tests.test_payments.TestPaymentPackages" name="test_starter_package_details" time="0.044" /><testcase classname="backend.tests.test_payments.TestPaymentPackages" name="test_professional_package_details" time="0.038" /><testcase classname="backend.tests.test_payments.TestPaymentPackages" name="test_enterprise_package_details" time="0.039" /><testcase classname="backend.tests.test_payments.TestCheckoutSession" name="test_checkout_requires_auth" time="0.034" /><testcase classname="backend.tests.test_payments.TestCheckoutSession" name="test_checkout_starter_success" time="0.827" /><testcase classname="backend.tests.test_payments.TestCheckoutSession" name="test_checkout_professional_success" time="0.426" /><testcase classname="backend.tests.test_payments.TestCheckoutSession" name="test_checkout_enterprise_success" time="0.413" /><testcase classname="backend.tests.test_payments.TestCheckoutSession" name="test_checkout_invalid_package" time="0.043" /><testcase classname="backend.tests.test_payments.TestCheckoutSession" name="test_checkout_missing_package_id" time="0.041" /><testcase classname="backend.tests.test_payments.TestCheckoutSession" name="test_checkout_missing_origin_url" time="0.039" /><testcase classname="backend.tests.test_payments.TestPaymentStatus" name="test_status_requires_auth" time="0.816" /><testcase classname="backend.tests.test_payments.TestPaymentStatus" name="test_status_returns_unpaid_for_new_session" time="0.633" /><testcase classname="backend.tests.test_payments.TestPaymentStatus" name="test_status_invalid_session_id" time="0.208" /><testcase classname="backend.tests.test_payments.TestSubscriptionEndpoint" name="test_subscription_requires_auth" time="0.046" /><testcase classname="backend.tests.test_payments.TestSubscriptionEndpoint" name="test_subscription_returns_status" time="0.039" /><testcase classname="backend.tests.test_payments.TestTransactionsEndpoint" name="test_transactions_requires_auth" time="0.037" /><testcase classname="backend.tests.test_payments.TestTransactionsEndpoint" name="test_transactions_returns_list" time="0.037" /></testsuite></testsuites>