<?xml version="1.0" encoding="utf-8"?><testsuites name="pytest tests"><testsuite name="pytest" errors="0" failures="0" skipped="0" tests="11" time="2.648" timestamp="2026-02-06T00:18:58.386930+00:00" hostname="agent-env-448c4498-8890-48b9-949a-e1aa92c2853e"><testcase classname="backend.tests.test_phase1_2_features.TestUniversityStats" name="test_university_stats_returns_correct_structure" time="0.369" /><testcase classname="backend.tests.test_phase1_2_features.TestUniversityCourses" name="test_get_courses_list" time="0.311" /><testcase classname="backend.tests.test_phase1_2_features.TestUniversityCourses" name="test_get_course_with_quiz" time="0.044" /><testcase classname="backend.tests.test_phase1_2_features.TestQuizSubmissionGameEvent" name="test_quiz_submit_creates_game_event_on_pass" time="0.399" /><testcase classname="backend.tests.test_phase1_2_features.TestHarvestV2Today" name="test_today_returns_correct_structure" time="0.300" /><testcase classname="backend.tests.test_phase1_2_features.TestHarvestV2Today" name="test_today_goals_match_configuration" time="0.077" /><testcase classname="backend.tests.test_phase1_2_features.TestHarvestDailyGoalsConfig" name="test_get_daily_goals" time="0.298" /><testcase classname="backend.tests.test_phase1_2_features.TestHarvestDailyGoalsConfig" name="test_update_daily_goals_requires_admin" time="0.161" /><testcase classname="backend.tests.test_phase1_2_features.TestHarvestDispositions" name="test_get_dispositions" time="0.302" /><testcase classname="backend.tests.test_phase1_2_features.TestGameEventsCollection" name="test_harvest_visit_creates_game_event" time="0.306" /><testcase classname="backend.tests.test_phase1_2_features.TestHarvestCoachConfig" name="test_coach_config_defaults" time="0.000" /></testsuite></testsuites>