<?xml version="1.0" encoding="utf-8"?><testsuites name="pytest tests"><testsuite name="pytest" errors="0" failures="0" skipped="0" tests="11" time="4.094" timestamp="2026-02-04T15:40:28.941527+00:00" hostname="agent-env-b1051d1a-9fee-47cc-9c7c-3c72018f12a8"><testcase classname="tests.test_rapid_capture.TestRapidCaptureAPIs" name="test_create_inspection_session_with_claim" time="0.372" /><testcase classname="tests.test_rapid_capture.TestRapidCaptureAPIs" name="test_create_inspection_session_without_claim_fails" time="0.345" /><testcase classname="tests.test_rapid_capture.TestRapidCaptureAPIs" name="test_get_sessions_by_claim" time="0.341" /><testcase classname="tests.test_rapid_capture.TestRapidCaptureAPIs" name="test_complete_inspection_session" time="0.401" /><testcase classname="tests.test_rapid_capture.TestRapidCaptureAPIs" name="test_upload_photo_with_session_and_claim" time="0.363" /><testcase classname="tests.test_rapid_capture.TestRapidCaptureAPIs" name="test_photo_includes_timestamp" time="0.419" /><testcase classname="tests.test_rapid_capture.TestRapidCaptureAPIs" name="test_session_tracks_rooms_documented" time="0.472" /><testcase classname="tests.test_rapid_capture.TestRapidCaptureAPIs" name="test_claim_gallery_organizes_by_room" time="0.294" /><testcase classname="tests.test_rapid_capture.TestRapidCaptureAPIs" name="test_claim_timeline" time="0.292" /><testcase classname="tests.test_rapid_capture.TestRapidCaptureAPIs" name="test_room_presets_available" time="0.338" /><testcase classname="tests.test_rapid_capture.TestRapidCaptureAPIs" name="test_category_presets_available" time="0.337" /></testsuite></testsuites>