<?xml version="1.0" encoding="utf-8"?><testsuites name="pytest tests"><testsuite name="pytest" errors="0" failures="0" skipped="0" tests="11" time="4.350" timestamp="2026-02-05T00:33:18.215742+00:00" hostname="agent-env-9585b111-8628-4891-b64e-feb9400d5701"><testcase classname="backend.tests.test_rapid_capture.TestRapidCaptureAPIs" name="test_create_inspection_session_with_claim" time="0.420" /><testcase classname="backend.tests.test_rapid_capture.TestRapidCaptureAPIs" name="test_create_inspection_session_without_claim_fails" time="0.302" /><testcase classname="backend.tests.test_rapid_capture.TestRapidCaptureAPIs" name="test_get_sessions_by_claim" time="0.309" /><testcase classname="backend.tests.test_rapid_capture.TestRapidCaptureAPIs" name="test_complete_inspection_session" time="0.397" /><testcase classname="backend.tests.test_rapid_capture.TestRapidCaptureAPIs" name="test_upload_photo_with_session_and_claim" time="0.696" /><testcase classname="backend.tests.test_rapid_capture.TestRapidCaptureAPIs" name="test_photo_includes_timestamp" time="0.400" /><testcase classname="backend.tests.test_rapid_capture.TestRapidCaptureAPIs" name="test_session_tracks_rooms_documented" time="0.491" /><testcase classname="backend.tests.test_rapid_capture.TestRapidCaptureAPIs" name="test_claim_gallery_organizes_by_room" time="0.290" /><testcase classname="backend.tests.test_rapid_capture.TestRapidCaptureAPIs" name="test_claim_timeline" time="0.335" /><testcase classname="backend.tests.test_rapid_capture.TestRapidCaptureAPIs" name="test_room_presets_available" time="0.289" /><testcase classname="backend.tests.test_rapid_capture.TestRapidCaptureAPIs" name="test_category_presets_available" time="0.334" /></testsuite></testsuites>