<?xml version="1.0" encoding="utf-8"?><testsuites name="pytest tests"><testsuite name="pytest" errors="0" failures="0" skipped="0" tests="20" time="6.555" timestamp="2026-02-05T22:10:03.321120+00:00" hostname="agent-env-c28c853f-4e11-4bf9-9325-3ca117052cdc"><testcase classname="tests.test_seasons_crud.TestSeasonsAuth" name="test_seasons_requires_auth" time="0.370" /><testcase classname="tests.test_seasons_crud.TestSeasonsListAndGet" name="test_get_all_seasons" time="0.275" /><testcase classname="tests.test_seasons_crud.TestSeasonsListAndGet" name="test_get_seasons_with_status_filter" time="0.288" /><testcase classname="tests.test_seasons_crud.TestSeasonsListAndGet" name="test_seasons_have_required_fields" time="0.278" /><testcase classname="tests.test_seasons_crud.TestSeasonsListAndGet" name="test_seasons_have_status_badges" time="0.282" /><testcase classname="tests.test_seasons_crud.TestSeasonCreate" name="test_create_season_basic" time="0.305" /><testcase classname="tests.test_seasons_crud.TestSeasonCreate" name="test_create_season_with_grand_prize" time="0.296" /><testcase classname="tests.test_seasons_crud.TestSeasonCreate" name="test_create_season_with_all_fields" time="0.344" /><testcase classname="tests.test_seasons_crud.TestSeasonCreate" name="test_create_season_status_calculation" time="0.327" /><testcase classname="tests.test_seasons_crud.TestSeasonCreate" name="test_create_season_missing_required_fields" time="0.270" /><testcase classname="tests.test_seasons_crud.TestSeasonUpdate" name="test_update_season_full_put" time="0.308" /><testcase classname="tests.test_seasons_crud.TestSeasonUpdate" name="test_update_season_partial_patch" time="0.362" /><testcase classname="tests.test_seasons_crud.TestSeasonUpdate" name="test_update_nonexistent_season" time="0.372" /><testcase classname="tests.test_seasons_crud.TestSeasonUpdate" name="test_update_season_grand_prize" time="0.402" /><testcase classname="tests.test_seasons_crud.TestSeasonDelete" name="test_delete_season" time="0.328" /><testcase classname="tests.test_seasons_crud.TestSeasonDelete" name="test_delete_nonexistent_season" time="0.308" /><testcase classname="tests.test_seasons_crud.TestSeasonProgressTracking" name="test_active_season_has_progress_data" time="0.389" /><testcase classname="tests.test_seasons_crud.TestSeasonProgressTracking" name="test_season_status_transitions" time="0.435" /><testcase classname="tests.test_seasons_crud.TestSeasonEnrichment" name="test_seasons_include_competition_count" time="0.275" /><testcase classname="tests.test_seasons_crud.TestSeasonEnrichment" name="test_season_detail_includes_competitions" time="0.282" /></testsuite></testsuites>