<?xml version="1.0" encoding="utf-8"?><testsuites name="pytest tests"><testsuite name="pytest" errors="0" failures="0" skipped="0" tests="20" time="5.967" timestamp="2026-02-05T14:38:06.207072+00:00" hostname="agent-env-cb73a7fc-eb5d-49bd-b8e5-d2b2f03eb0a2"><testcase classname="tests.test_sms_messaging.TestSMSMessaging" name="test_get_sms_status" time="0.324" /><testcase classname="tests.test_sms_messaging.TestSMSMessaging" name="test_get_sms_templates" time="0.273" /><testcase classname="tests.test_sms_messaging.TestSMSMessaging" name="test_send_sms_dry_run" time="0.271" /><testcase classname="tests.test_sms_messaging.TestSMSMessaging" name="test_send_sms_with_template" time="0.276" /><testcase classname="tests.test_sms_messaging.TestSMSMessaging" name="test_send_sms_invalid_phone" time="0.274" /><testcase classname="tests.test_sms_messaging.TestSMSMessaging" name="test_send_sms_empty_body" time="0.318" /><testcase classname="tests.test_sms_messaging.TestSMSMessaging" name="test_send_sms_nonexistent_claim" time="0.273" /><testcase classname="tests.test_sms_messaging.TestSMSMessaging" name="test_get_claim_messages" time="0.272" /><testcase classname="tests.test_sms_messaging.TestSMSMessaging" name="test_get_claim_messages_with_channel_filter" time="0.272" /><testcase classname="tests.test_sms_messaging.TestSMSMessaging" name="test_get_claim_messages_pagination" time="0.273" /><testcase classname="tests.test_sms_messaging.TestSMSMessaging" name="test_get_messages_nonexistent_claim" time="0.272" /><testcase classname="tests.test_sms_messaging.TestSMSMessaging" name="test_webhook_inbound_sms" time="0.302" /><testcase classname="tests.test_sms_messaging.TestSMSMessaging" name="test_webhook_status_update" time="0.297" /><testcase classname="tests.test_sms_messaging.TestSMSMessaging" name="test_webhook_invalid_secret" time="0.297" /><testcase classname="tests.test_sms_messaging.TestSMSMessaging" name="test_webhook_no_actionable_data" time="0.339" /><testcase classname="tests.test_sms_messaging.TestSMSMessaging" name="test_rate_limiting_info" time="0.316" /><testcase classname="tests.test_sms_messaging.TestSMSMessaging" name="test_sms_status_requires_auth" time="0.300" /><testcase classname="tests.test_sms_messaging.TestSMSMessaging" name="test_sms_templates_requires_auth" time="0.327" /><testcase classname="tests.test_sms_messaging.TestSMSMessaging" name="test_send_sms_requires_auth" time="0.298" /><testcase classname="tests.test_sms_messaging.TestSMSMessaging" name="test_get_messages_requires_auth" time="0.302" /></testsuite></testsuites>