<?xml version="1.0" encoding="utf-8"?><testsuites name="pytest tests"><testsuite name="pytest" errors="0" failures="0" skipped="0" tests="16" time="5.300" timestamp="2026-02-05T21:56:19.360443+00:00" hostname="agent-env-c28c853f-4e11-4bf9-9325-3ca117052cdc"><testcase classname="backend.tests.test_templates_crud.TestTemplatesCRUD" name="test_get_templates_list" time="0.356" /><testcase classname="backend.tests.test_templates_crud.TestTemplatesCRUD" name="test_get_templates_with_category_filter" time="0.278" /><testcase classname="backend.tests.test_templates_crud.TestTemplatesCRUD" name="test_get_single_template" time="0.344" /><testcase classname="backend.tests.test_templates_crud.TestTemplatesCRUD" name="test_create_template_with_threshold_rule" time="0.333" /><testcase classname="backend.tests.test_templates_crud.TestTemplatesCRUD" name="test_create_template_with_top_n_rule" time="0.365" /><testcase classname="backend.tests.test_templates_crud.TestTemplatesCRUD" name="test_create_template_with_milestone_rule" time="0.327" /><testcase classname="backend.tests.test_templates_crud.TestTemplatesCRUD" name="test_create_template_with_improvement_rule" time="0.281" /><testcase classname="backend.tests.test_templates_crud.TestTemplatesCRUD" name="test_create_template_with_lottery_rule" time="0.334" /><testcase classname="backend.tests.test_templates_crud.TestTemplatesCRUD" name="test_create_template_with_multiple_rules" time="0.325" /><testcase classname="backend.tests.test_templates_crud.TestTemplatesCRUD" name="test_update_template" time="0.331" /><testcase classname="backend.tests.test_templates_crud.TestTemplatesCRUD" name="test_delete_non_system_template" time="0.372" /><testcase classname="backend.tests.test_templates_crud.TestTemplatesCRUD" name="test_cannot_delete_system_template" time="0.340" /><testcase classname="backend.tests.test_templates_crud.TestTemplatesCRUD" name="test_update_nonexistent_template" time="0.269" /><testcase classname="backend.tests.test_templates_crud.TestTemplatesCRUD" name="test_delete_nonexistent_template" time="0.274" /><testcase classname="backend.tests.test_templates_crud.TestTemplatesCRUD" name="test_template_has_rule_badges" time="0.274" /><testcase classname="backend.tests.test_templates_crud.TestTemplatesCleanup" name="test_cleanup_test_templates" time="0.413" /></testsuite></testsuites>