<?xml version="1.0" encoding="utf-8"?><testsuites name="pytest tests"><testsuite name="pytest" errors="0" failures="0" skipped="0" tests="27" time="1.780" timestamp="2026-02-05T17:58:54.252709+00:00" hostname="agent-env-24cd5aa2-3d7b-4504-924a-d9b9271a9ec1"><testcase classname="backend.tests.test_voice_assistant_console.TestVoiceAssistantConfig" name="test_get_config_returns_200" time="0.373" /><testcase classname="backend.tests.test_voice_assistant_console.TestVoiceAssistantConfig" name="test_config_mode_is_valid" time="0.039" /><testcase classname="backend.tests.test_voice_assistant_console.TestVoiceAssistantConfig" name="test_config_business_hours_structure" time="0.040" /><testcase classname="backend.tests.test_voice_assistant_console.TestVoiceAssistantConfig" name="test_config_behavior_flags_structure" time="0.042" /><testcase classname="backend.tests.test_voice_assistant_console.TestVoiceAssistantConfig" name="test_config_requires_auth" time="0.039" /><testcase classname="backend.tests.test_voice_assistant_console.TestVoiceAssistantToggle" name="test_toggle_on_returns_success" time="0.040" /><testcase classname="backend.tests.test_voice_assistant_console.TestVoiceAssistantToggle" name="test_toggle_off_returns_success" time="0.049" /><testcase classname="backend.tests.test_voice_assistant_console.TestVoiceAssistantToggle" name="test_toggle_persists_state" time="0.173" /><testcase classname="backend.tests.test_voice_assistant_console.TestVoiceAssistantToggle" name="test_toggle_requires_auth" time="0.034" /><testcase classname="backend.tests.test_voice_assistant_console.TestVoiceAssistantScripts" name="test_get_scripts_returns_200" time="0.045" /><testcase classname="backend.tests.test_voice_assistant_console.TestVoiceAssistantScripts" name="test_scripts_contain_variables" time="0.044" /><testcase classname="backend.tests.test_voice_assistant_console.TestVoiceAssistantScripts" name="test_scripts_have_variables_config" time="0.044" /><testcase classname="backend.tests.test_voice_assistant_console.TestVoiceAssistantScripts" name="test_scripts_requires_auth" time="0.038" /><testcase classname="backend.tests.test_voice_assistant_console.TestVoiceAssistantGuardrails" name="test_get_guardrails_returns_200" time="0.036" /><testcase classname="backend.tests.test_voice_assistant_console.TestVoiceAssistantGuardrails" name="test_guardrails_forbidden_topics_is_list" time="0.035" /><testcase classname="backend.tests.test_voice_assistant_console.TestVoiceAssistantGuardrails" name="test_guardrails_escalation_triggers_structure" time="0.042" /><testcase classname="backend.tests.test_voice_assistant_console.TestVoiceAssistantGuardrails" name="test_guardrails_requires_auth" time="0.040" /><testcase classname="backend.tests.test_voice_assistant_console.TestVoiceAssistantStats" name="test_get_today_stats_returns_200" time="0.081" /><testcase classname="backend.tests.test_voice_assistant_console.TestVoiceAssistantStats" name="test_stats_values_are_integers" time="0.042" /><testcase classname="backend.tests.test_voice_assistant_console.TestVoiceAssistantStats" name="test_stats_recent_calls_is_list" time="0.043" /><testcase classname="backend.tests.test_voice_assistant_console.TestVoiceAssistantStats" name="test_stats_requires_auth" time="0.042" /><testcase classname="backend.tests.test_voice_assistant_console.TestVoiceAssistantCalls" name="test_get_calls_returns_200" time="0.041" /><testcase classname="backend.tests.test_voice_assistant_console.TestVoiceAssistantCalls" name="test_calls_pagination_works" time="0.040" /><testcase classname="backend.tests.test_voice_assistant_console.TestVoiceAssistantCalls" name="test_calls_empty_state_valid" time="0.041" /><testcase classname="backend.tests.test_voice_assistant_console.TestVoiceAssistantCalls" name="test_calls_requires_auth" time="0.078" /><testcase classname="backend.tests.test_voice_assistant_console.TestVoiceAssistantScriptsUpdate" name="test_update_scripts_returns_200" time="0.083" /><testcase classname="backend.tests.test_voice_assistant_console.TestVoiceAssistantScriptsUpdate" name="test_update_scripts_requires_auth" time="0.040" /></testsuite></testsuites>